[2013-05-21 13:26:21] request.ERROR: Uncaught PHP Exception Symfony\Component\HttpKernel\Exception\NotFoundHttpException: "No route found for "GET /bundles/framework/images/input_bg.gif"" at C:\xampp\htdocs\kendoctor-documentor-bundle\vendor\symfony\symfony\src\Symfony\Component\HttpKernel\EventListener\RouterListener.php line 94 [] []
[2013-05-21 13:26:50] request.ERROR: Uncaught PHP Exception Symfony\Component\HttpKernel\Exception\NotFoundHttpException: "No route found for "GET /bundles/framework/images/input_bg.gif"" at C:\xampp\htdocs\kendoctor-documentor-bundle\vendor\symfony\symfony\src\Symfony\Component\HttpKernel\EventListener\RouterListener.php line 94 [] []
[2013-05-21 13:27:08] request.ERROR: Uncaught PHP Exception Symfony\Component\HttpKernel\Exception\NotFoundHttpException: "No route found for "GET /bundles/framework/images/input_bg.gif"" at C:\xampp\htdocs\kendoctor-documentor-bundle\app\cache\prod\classes.php line 3609 [] []
[2013-05-21 21:11:32] request.ERROR: Uncaught PHP Exception Symfony\Component\HttpKernel\Exception\NotFoundHttpException: "No route found for "GET /js/jquery.json2.js"" at C:\xampp\htdocs\kendoctor-documentor-bundle\vendor\symfony\symfony\src\Symfony\Component\HttpKernel\EventListener\RouterListener.php line 94 [] []
[2013-05-21 21:12:18] request.ERROR: Uncaught PHP Exception Symfony\Component\HttpKernel\Exception\NotFoundHttpException: "No route found for "GET /js/jquery.json2.js"" at C:\xampp\htdocs\kendoctor-documentor-bundle\vendor\symfony\symfony\src\Symfony\Component\HttpKernel\EventListener\RouterListener.php line 94 [] []
[2013-05-21 21:14:54] request.ERROR: Uncaught PHP Exception Symfony\Component\HttpKernel\Exception\NotFoundHttpException: "No route found for "GET /js/jquery.json2.js"" at C:\xampp\htdocs\kendoctor-documentor-bundle\app\cache\prod\classes.php line 3609 [] []
[2013-05-21 21:15:11] request.ERROR: Uncaught PHP Exception Symfony\Component\HttpKernel\Exception\NotFoundHttpException: "No route found for "GET /js/jquery.json2.js"" at C:\xampp\htdocs\kendoctor-documentor-bundle\app\cache\prod\classes.php line 3609 [] []
[2013-05-21 21:16:24] request.ERROR: Uncaught PHP Exception Symfony\Component\HttpKernel\Exception\NotFoundHttpException: "No route found for "GET /js/jquery.json2.js"" at C:\xampp\htdocs\kendoctor-documentor-bundle\app\cache\prod\classes.php line 3609 [] []
[2013-05-21 21:16:39] request.ERROR: Uncaught PHP Exception Symfony\Component\HttpKernel\Exception\NotFoundHttpException: "No route found for "GET /js/jquery.json2.js"" at C:\xampp\htdocs\kendoctor-documentor-bundle\app\cache\prod\classes.php line 3609 [] []
[2013-05-21 21:16:50] request.ERROR: Uncaught PHP Exception Symfony\Component\HttpKernel\Exception\NotFoundHttpException: "No route found for "GET /js/jquery.json2.js"" at C:\xampp\htdocs\kendoctor-documentor-bundle\app\cache\prod\classes.php line 3609 [] []
[2013-05-21 21:17:38] request.ERROR: Uncaught PHP Exception Symfony\Component\HttpKernel\Exception\NotFoundHttpException: "No route found for "GET /js/jquery.json2.js"" at C:\xampp\htdocs\kendoctor-documentor-bundle\app\cache\prod\classes.php line 3609 [] []
[2013-05-21 21:17:53] request.ERROR: Uncaught PHP Exception Symfony\Component\HttpKernel\Exception\NotFoundHttpException: "No route found for "GET /js/jquery.json2.js"" at C:\xampp\htdocs\kendoctor-documentor-bundle\app\cache\prod\classes.php line 3609 [] []
[2013-05-21 21:52:56] request.ERROR: Uncaught PHP Exception Symfony\Component\HttpKernel\Exception\NotFoundHttpException: "No route found for "GET /js/jquery.json2.js"" at C:\xampp\htdocs\kendoctor-documentor-bundle\app\cache\prod\classes.php line 3609 [] []
[2013-05-21 21:52:58] request.ERROR: Uncaught PHP Exception Symfony\Component\HttpKernel\Exception\NotFoundHttpException: "No route found for "GET /js/jquery.json2.js"" at C:\xampp\htdocs\kendoctor-documentor-bundle\app\cache\prod\classes.php line 3609 [] []
[2013-05-21 21:53:38] request.ERROR: Uncaught PHP Exception Symfony\Component\HttpKernel\Exception\NotFoundHttpException: "No route found for "GET /js/jquery.json2.js"" at C:\xampp\htdocs\kendoctor-documentor-bundle\app\cache\prod\classes.php line 3609 [] []
[2013-05-21 21:53:46] request.ERROR: Uncaught PHP Exception Symfony\Component\HttpKernel\Exception\NotFoundHttpException: "No route found for "GET /js/jquery.json2.js"" at C:\xampp\htdocs\kendoctor-documentor-bundle\app\cache\prod\classes.php line 3609 [] []
[2013-05-21 21:54:45] request.ERROR: Uncaught PHP Exception Symfony\Component\HttpKernel\Exception\NotFoundHttpException: "No route found for "GET /js/jquery.json2.js"" at C:\xampp\htdocs\kendoctor-documentor-bundle\app\cache\prod\classes.php line 3609 [] []
[2013-05-21 21:55:33] request.ERROR: Uncaught PHP Exception Symfony\Component\HttpKernel\Exception\NotFoundHttpException: "No route found for "GET /js/jquery.json2.js"" at C:\xampp\htdocs\kendoctor-documentor-bundle\app\cache\prod\classes.php line 3609 [] []
[2013-05-21 21:55:34] request.ERROR: Uncaught PHP Exception Symfony\Component\HttpKernel\Exception\NotFoundHttpException: "No route found for "GET /js/jquery.json2.js"" at C:\xampp\htdocs\kendoctor-documentor-bundle\app\cache\prod\classes.php line 3609 [] []
[2013-05-21 21:55:36] request.ERROR: Uncaught PHP Exception Symfony\Component\HttpKernel\Exception\NotFoundHttpException: "No route found for "GET /js/jquery.json2.js"" at C:\xampp\htdocs\kendoctor-documentor-bundle\app\cache\prod\classes.php line 3609 [] []
[2013-05-21 22:07:14] request.ERROR: Uncaught PHP Exception Symfony\Component\HttpKernel\Exception\NotFoundHttpException: "No route found for "GET /js/jquery.json2.js"" at C:\xampp\htdocs\kendoctor-documentor-bundle\app\cache\prod\classes.php line 3609 [] []
[2013-05-21 22:08:00] request.ERROR: Uncaught PHP Exception Symfony\Component\HttpKernel\Exception\NotFoundHttpException: "No route found for "GET /js/jquery.json2.js"" at C:\xampp\htdocs\kendoctor-documentor-bundle\app\cache\prod\classes.php line 3609 [] []
[2013-05-21 22:19:26] request.ERROR: Uncaught PHP Exception Symfony\Component\HttpKernel\Exception\NotFoundHttpException: "No route found for "GET /js/jquery.json2.js"" at C:\xampp\htdocs\kendoctor-documentor-bundle\app\cache\prod\classes.php line 3609 [] []
[2013-05-21 22:29:48] request.ERROR: Uncaught PHP Exception Symfony\Component\HttpKernel\Exception\NotFoundHttpException: "No route found for "GET /js/jquery.json2.js"" at C:\xampp\htdocs\kendoctor-documentor-bundle\app\cache\prod\classes.php line 3609 [] []
[2013-05-21 22:34:18] request.ERROR: Uncaught PHP Exception Symfony\Component\HttpKernel\Exception\NotFoundHttpException: "No route found for "GET /js/jquery.json2.js"" at C:\xampp\htdocs\kendoctor-documentor-bundle\app\cache\prod\classes.php line 3609 [] []
[2013-05-21 22:34:21] request.ERROR: Uncaught PHP Exception Symfony\Component\HttpKernel\Exception\NotFoundHttpException: "No route found for "GET /js/jquery.json2.js"" at C:\xampp\htdocs\kendoctor-documentor-bundle\app\cache\prod\classes.php line 3609 [] []
[2013-05-21 22:34:46] request.ERROR: Uncaught PHP Exception Symfony\Component\HttpKernel\Exception\NotFoundHttpException: "No route found for "GET /js/jquery.json2.js"" at C:\xampp\htdocs\kendoctor-documentor-bundle\app\cache\prod\classes.php line 3609 [] []
[2013-05-21 22:34:51] request.ERROR: Uncaught PHP Exception Symfony\Component\HttpKernel\Exception\NotFoundHttpException: "No route found for "GET /js/jquery.json2.js"" at C:\xampp\htdocs\kendoctor-documentor-bundle\app\cache\prod\classes.php line 3609 [] []
[2013-05-21 22:34:52] request.ERROR: Uncaught PHP Exception Symfony\Component\HttpKernel\Exception\NotFoundHttpException: "No route found for "GET /js/jquery.json2.js"" at C:\xampp\htdocs\kendoctor-documentor-bundle\app\cache\prod\classes.php line 3609 [] []
[2013-05-21 22:35:15] request.ERROR: Uncaught PHP Exception Symfony\Component\HttpKernel\Exception\NotFoundHttpException: "No route found for "GET /js/jquery.json2.js"" at C:\xampp\htdocs\kendoctor-documentor-bundle\app\cache\prod\classes.php line 3609 [] []
[2013-05-21 22:52:21] request.ERROR: Uncaught PHP Exception Symfony\Component\HttpKernel\Exception\NotFoundHttpException: "No route found for "GET /js/jquery.json2.js"" at C:\xampp\htdocs\kendoctor-documentor-bundle\app\cache\prod\classes.php line 3609 [] []
[2013-05-21 22:53:47] request.ERROR: Uncaught PHP Exception Symfony\Component\HttpKernel\Exception\NotFoundHttpException: "No route found for "GET /js/jquery.json2.js"" at C:\xampp\htdocs\kendoctor-documentor-bundle\app\cache\prod\classes.php line 3609 [] []
[2013-05-21 22:53:51] request.ERROR: Uncaught PHP Exception Symfony\Component\HttpKernel\Exception\NotFoundHttpException: "No route found for "GET /js/jquery.json2.js"" at C:\xampp\htdocs\kendoctor-documentor-bundle\app\cache\prod\classes.php line 3609 [] []
[2013-05-21 23:03:41] request.ERROR: Uncaught PHP Exception Symfony\Component\HttpKernel\Exception\NotFoundHttpException: "No route found for "GET /js/jquery.json2.js"" at C:\xampp\htdocs\kendoctor-documentor-bundle\app\cache\prod\classes.php line 3609 [] []
[2013-05-21 23:03:43] request.ERROR: Uncaught PHP Exception Symfony\Component\HttpKernel\Exception\NotFoundHttpException: "No route found for "GET /js/jquery.json2.js"" at C:\xampp\htdocs\kendoctor-documentor-bundle\app\cache\prod\classes.php line 3609 [] []
[2013-05-21 23:04:49] request.ERROR: Uncaught PHP Exception Symfony\Component\HttpKernel\Exception\NotFoundHttpException: "No route found for "GET /js/jquery.json2.js"" at C:\xampp\htdocs\kendoctor-documentor-bundle\app\cache\prod\classes.php line 3609 [] []
[2013-05-21 23:04:51] request.ERROR: Uncaught PHP Exception Symfony\Component\HttpKernel\Exception\NotFoundHttpException: "No route found for "GET /js/jquery.json2.js"" at C:\xampp\htdocs\kendoctor-documentor-bundle\app\cache\prod\classes.php line 3609 [] []
[2013-05-21 23:04:57] request.ERROR: Uncaught PHP Exception Symfony\Component\HttpKernel\Exception\NotFoundHttpException: "No route found for "GET /js/jquery.json2.js"" at C:\xampp\htdocs\kendoctor-documentor-bundle\app\cache\prod\classes.php line 3609 [] []
[2013-05-21 23:04:59] request.ERROR: Uncaught PHP Exception Symfony\Component\HttpKernel\Exception\NotFoundHttpException: "No route found for "GET /js/jquery.json2.js"" at C:\xampp\htdocs\kendoctor-documentor-bundle\app\cache\prod\classes.php line 3609 [] []
[2013-05-21 23:05:28] request.ERROR: Uncaught PHP Exception Symfony\Component\HttpKernel\Exception\NotFoundHttpException: "No route found for "GET /js/jquery.json2.js"" at C:\xampp\htdocs\kendoctor-documentor-bundle\app\cache\prod\classes.php line 3609 [] []
[2013-05-21 23:05:31] request.ERROR: Uncaught PHP Exception Symfony\Component\HttpKernel\Exception\NotFoundHttpException: "No route found for "GET /js/jquery.json2.js"" at C:\xampp\htdocs\kendoctor-documentor-bundle\app\cache\prod\classes.php line 3609 [] []
[2013-05-21 23:05:36] request.ERROR: Uncaught PHP Exception Symfony\Component\HttpKernel\Exception\NotFoundHttpException: "No route found for "GET /js/jquery.json2.js"" at C:\xampp\htdocs\kendoctor-documentor-bundle\app\cache\prod\classes.php line 3609 [] []
[2013-05-21 23:05:45] request.ERROR: Uncaught PHP Exception Symfony\Component\HttpKernel\Exception\NotFoundHttpException: "No route found for "GET /js/jquery.json2.js"" at C:\xampp\htdocs\kendoctor-documentor-bundle\app\cache\prod\classes.php line 3609 [] []
[2013-05-21 23:08:07] request.ERROR: Uncaught PHP Exception Symfony\Component\HttpKernel\Exception\NotFoundHttpException: "No route found for "GET /js/jquery.json2.js"" at C:\xampp\htdocs\kendoctor-documentor-bundle\app\cache\prod\classes.php line 3609 [] []
[2013-05-21 23:08:53] request.ERROR: Uncaught PHP Exception Symfony\Component\HttpKernel\Exception\NotFoundHttpException: "No route found for "GET /js/jquery.json2.js"" at C:\xampp\htdocs\kendoctor-documentor-bundle\app\cache\prod\classes.php line 3609 [] []
[2013-05-21 23:09:44] request.ERROR: Uncaught PHP Exception Symfony\Component\HttpKernel\Exception\NotFoundHttpException: "No route found for "GET /js/jquery.json2.js"" at C:\xampp\htdocs\kendoctor-documentor-bundle\app\cache\prod\classes.php line 3609 [] []
[2013-05-21 23:10:15] request.ERROR: Uncaught PHP Exception Symfony\Component\HttpKernel\Exception\NotFoundHttpException: "No route found for "GET /js/jquery.json2.js"" at C:\xampp\htdocs\kendoctor-documentor-bundle\app\cache\prod\classes.php line 3609 [] []
[2013-05-21 23:10:35] request.ERROR: Uncaught PHP Exception Symfony\Component\HttpKernel\Exception\NotFoundHttpException: "No route found for "GET /js/jquery.json2.js"" at C:\xampp\htdocs\kendoctor-documentor-bundle\app\cache\prod\classes.php line 3609 [] []
[2013-05-21 23:11:48] request.ERROR: Uncaught PHP Exception Symfony\Component\HttpKernel\Exception\NotFoundHttpException: "No route found for "GET /js/jquery.json2.js"" at C:\xampp\htdocs\kendoctor-documentor-bundle\app\cache\prod\classes.php line 3609 [] []
[2013-05-21 23:13:08] request.ERROR: Uncaught PHP Exception Symfony\Component\HttpKernel\Exception\NotFoundHttpException: "No route found for "GET /js/jquery.json2.js"" at C:\xampp\htdocs\kendoctor-documentor-bundle\app\cache\prod\classes.php line 3609 [] []
[2013-05-21 23:13:10] request.ERROR: Uncaught PHP Exception Symfony\Component\HttpKernel\Exception\NotFoundHttpException: "No route found for "GET /js/jquery.json2.js"" at C:\xampp\htdocs\kendoctor-documentor-bundle\app\cache\prod\classes.php line 3609 [] []
[2013-05-21 23:13:14] request.ERROR: Uncaught PHP Exception Symfony\Component\HttpKernel\Exception\NotFoundHttpException: "No route found for "GET /js/jquery.json2.js"" at C:\xampp\htdocs\kendoctor-documentor-bundle\app\cache\prod\classes.php line 3609 [] []
[2013-05-21 23:13:18] request.ERROR: Uncaught PHP Exception Symfony\Component\HttpKernel\Exception\NotFoundHttpException: "No route found for "GET /js/jquery.json2.js"" at C:\xampp\htdocs\kendoctor-documentor-bundle\app\cache\prod\classes.php line 3609 [] []
[2013-05-21 23:13:28] request.ERROR: Uncaught PHP Exception Symfony\Component\HttpKernel\Exception\NotFoundHttpException: "No route found for "GET /js/jquery.json2.js"" at C:\xampp\htdocs\kendoctor-documentor-bundle\app\cache\prod\classes.php line 3609 [] []
[2013-05-21 23:13:59] request.ERROR: Uncaught PHP Exception Symfony\Component\HttpKernel\Exception\NotFoundHttpException: "No route found for "GET /js/jquery.json2.js"" at C:\xampp\htdocs\kendoctor-documentor-bundle\app\cache\prod\classes.php line 3609 [] []
[2013-05-21 23:14:15] request.ERROR: Uncaught PHP Exception Symfony\Component\HttpKernel\Exception\NotFoundHttpException: "No route found for "GET /js/jquery.json2.js"" at C:\xampp\htdocs\kendoctor-documentor-bundle\app\cache\prod\classes.php line 3609 [] []
[2013-05-21 23:14:47] request.ERROR: Uncaught PHP Exception Symfony\Component\HttpKernel\Exception\NotFoundHttpException: "No route found for "GET /js/jquery.json2.js"" at C:\xampp\htdocs\kendoctor-documentor-bundle\app\cache\prod\classes.php line 3609 [] []
[2013-05-21 23:14:48] request.ERROR: Uncaught PHP Exception Symfony\Component\HttpKernel\Exception\NotFoundHttpException: "No route found for "GET /js/jquery.json2.js"" at C:\xampp\htdocs\kendoctor-documentor-bundle\app\cache\prod\classes.php line 3609 [] []
[2013-05-21 23:14:49] request.ERROR: Uncaught PHP Exception Symfony\Component\HttpKernel\Exception\NotFoundHttpException: "No route found for "GET /js/jquery.json2.js"" at C:\xampp\htdocs\kendoctor-documentor-bundle\app\cache\prod\classes.php line 3609 [] []
[2013-05-21 23:14:53] request.ERROR: Uncaught PHP Exception Symfony\Component\HttpKernel\Exception\NotFoundHttpException: "No route found for "GET /js/jquery.json2.js"" at C:\xampp\htdocs\kendoctor-documentor-bundle\app\cache\prod\classes.php line 3609 [] []
[2013-05-21 23:15:01] request.ERROR: Uncaught PHP Exception Symfony\Component\HttpKernel\Exception\NotFoundHttpException: "No route found for "GET /js/jquery.json2.js"" at C:\xampp\htdocs\kendoctor-documentor-bundle\app\cache\prod\classes.php line 3609 [] []
[2013-05-21 23:15:35] request.ERROR: Uncaught PHP Exception Symfony\Component\HttpKernel\Exception\NotFoundHttpException: "No route found for "GET /js/jquery.json2.js"" at C:\xampp\htdocs\kendoctor-documentor-bundle\app\cache\prod\classes.php line 3609 [] []
[2013-05-21 23:16:09] request.ERROR: Uncaught PHP Exception Symfony\Component\HttpKernel\Exception\NotFoundHttpException: "No route found for "GET /js/jquery.json2.js"" at C:\xampp\htdocs\kendoctor-documentor-bundle\app\cache\prod\classes.php line 3609 [] []
[2013-05-21 23:16:18] request.ERROR: Uncaught PHP Exception Symfony\Component\HttpKernel\Exception\NotFoundHttpException: "No route found for "GET /js/jquery.json2.js"" at C:\xampp\htdocs\kendoctor-documentor-bundle\app\cache\prod\classes.php line 3609 [] []
[2013-05-21 23:16:40] request.ERROR: Uncaught PHP Exception Symfony\Component\HttpKernel\Exception\NotFoundHttpException: "No route found for "GET /js/jquery.json2.js"" at C:\xampp\htdocs\kendoctor-documentor-bundle\app\cache\prod\classes.php line 3609 [] []
[2013-05-21 23:16:47] request.ERROR: Uncaught PHP Exception Symfony\Component\HttpKernel\Exception\NotFoundHttpException: "No route found for "GET /js/jquery.json2.js"" at C:\xampp\htdocs\kendoctor-documentor-bundle\app\cache\prod\classes.php line 3609 [] []
[2013-05-21 23:16:53] request.ERROR: Uncaught PHP Exception Symfony\Component\HttpKernel\Exception\NotFoundHttpException: "No route found for "GET /js/jquery.json2.js"" at C:\xampp\htdocs\kendoctor-documentor-bundle\app\cache\prod\classes.php line 3609 [] []
[2013-05-21 23:17:05] request.ERROR: Uncaught PHP Exception Symfony\Component\HttpKernel\Exception\NotFoundHttpException: "No route found for "GET /js/jquery.json2.js"" at C:\xampp\htdocs\kendoctor-documentor-bundle\app\cache\prod\classes.php line 3609 [] []
[2013-05-21 23:17:40] request.ERROR: Uncaught PHP Exception Symfony\Component\HttpKernel\Exception\NotFoundHttpException: "No route found for "GET /js/jquery.json2.js"" at C:\xampp\htdocs\kendoctor-documentor-bundle\app\cache\prod\classes.php line 3609 [] []
[2013-05-21 23:18:31] request.ERROR: Uncaught PHP Exception Symfony\Component\HttpKernel\Exception\NotFoundHttpException: "No route found for "GET /js/jquery.json2.js"" at C:\xampp\htdocs\kendoctor-documentor-bundle\app\cache\prod\classes.php line 3609 [] []
[2013-05-21 23:19:20] request.ERROR: Uncaught PHP Exception Symfony\Component\HttpKernel\Exception\NotFoundHttpException: "No route found for "GET /js/jquery.json2.js"" at C:\xampp\htdocs\kendoctor-documentor-bundle\app\cache\prod\classes.php line 3609 [] []
[2013-05-21 23:19:38] request.ERROR: Uncaught PHP Exception Symfony\Component\HttpKernel\Exception\NotFoundHttpException: "No route found for "GET /js/jquery.json2.js"" at C:\xampp\htdocs\kendoctor-documentor-bundle\app\cache\prod\classes.php line 3609 [] []
[2013-05-21 23:19:39] request.ERROR: Uncaught PHP Exception Symfony\Component\HttpKernel\Exception\NotFoundHttpException: "No route found for "GET /js/jquery.json2.js"" at C:\xampp\htdocs\kendoctor-documentor-bundle\app\cache\prod\classes.php line 3609 [] []
[2013-05-21 23:19:47] request.ERROR: Uncaught PHP Exception Symfony\Component\HttpKernel\Exception\NotFoundHttpException: "No route found for "GET /js/jquery.json2.js"" at C:\xampp\htdocs\kendoctor-documentor-bundle\app\cache\prod\classes.php line 3609 [] []
[2013-05-21 23:21:08] request.ERROR: Uncaught PHP Exception Symfony\Component\HttpKernel\Exception\NotFoundHttpException: "No route found for "GET /js/jquery.json2.js"" at C:\xampp\htdocs\kendoctor-documentor-bundle\app\cache\prod\classes.php line 3609 [] []
[2013-05-21 23:22:03] request.ERROR: Uncaught PHP Exception Symfony\Component\HttpKernel\Exception\NotFoundHttpException: "No route found for "GET /js/jquery.json2.js"" at C:\xampp\htdocs\kendoctor-documentor-bundle\app\cache\prod\classes.php line 3609 [] []
[2013-05-21 23:22:45] request.ERROR: Uncaught PHP Exception Symfony\Component\HttpKernel\Exception\NotFoundHttpException: "No route found for "GET /js/jquery.json2.js"" at C:\xampp\htdocs\kendoctor-documentor-bundle\app\cache\prod\classes.php line 3609 [] []
[2013-05-21 23:22:46] request.ERROR: Uncaught PHP Exception Symfony\Component\HttpKernel\Exception\NotFoundHttpException: "No route found for "GET /js/jquery.json2.js"" at C:\xampp\htdocs\kendoctor-documentor-bundle\app\cache\prod\classes.php line 3609 [] []
[2013-05-21 23:22:50] request.ERROR: Uncaught PHP Exception Symfony\Component\HttpKernel\Exception\NotFoundHttpException: "No route found for "GET /js/jquery.json2.js"" at C:\xampp\htdocs\kendoctor-documentor-bundle\app\cache\prod\classes.php line 3609 [] []
[2013-05-21 23:22:51] request.ERROR: Uncaught PHP Exception Symfony\Component\HttpKernel\Exception\NotFoundHttpException: "No route found for "GET /js/jquery.json2.js"" at C:\xampp\htdocs\kendoctor-documentor-bundle\app\cache\prod\classes.php line 3609 [] []
[2013-05-21 23:22:53] request.ERROR: Uncaught PHP Exception Symfony\Component\HttpKernel\Exception\NotFoundHttpException: "No route found for "GET /js/jquery.json2.js"" at C:\xampp\htdocs\kendoctor-documentor-bundle\app\cache\prod\classes.php line 3609 [] []
[2013-05-21 23:22:54] request.ERROR: Uncaught PHP Exception Symfony\Component\HttpKernel\Exception\NotFoundHttpException: "No route found for "GET /js/jquery.json2.js"" at C:\xampp\htdocs\kendoctor-documentor-bundle\app\cache\prod\classes.php line 3609 [] []
[2013-05-21 23:23:01] request.ERROR: Uncaught PHP Exception Symfony\Component\HttpKernel\Exception\NotFoundHttpException: "No route found for "GET /js/jquery.json2.js"" at C:\xampp\htdocs\kendoctor-documentor-bundle\app\cache\prod\classes.php line 3609 [] []
[2013-05-21 23:23:02] request.ERROR: Uncaught PHP Exception Symfony\Component\HttpKernel\Exception\NotFoundHttpException: "No route found for "GET /js/jquery.json2.js"" at C:\xampp\htdocs\kendoctor-documentor-bundle\app\cache\prod\classes.php line 3609 [] []
[2013-05-21 23:25:14] request.ERROR: Uncaught PHP Exception Symfony\Component\HttpKernel\Exception\NotFoundHttpException: "No route found for "GET /js/jquery.json2.js"" at C:\xampp\htdocs\kendoctor-documentor-bundle\app\cache\prod\classes.php line 3609 [] []
[2013-05-21 23:25:16] request.ERROR: Uncaught PHP Exception Symfony\Component\HttpKernel\Exception\NotFoundHttpException: "No route found for "GET /js/jquery.json2.js"" at C:\xampp\htdocs\kendoctor-documentor-bundle\app\cache\prod\classes.php line 3609 [] []
[2013-05-21 23:25:18] request.ERROR: Uncaught PHP Exception Symfony\Component\HttpKernel\Exception\NotFoundHttpException: "No route found for "GET /js/jquery.json2.js"" at C:\xampp\htdocs\kendoctor-documentor-bundle\app\cache\prod\classes.php line 3609 [] []
[2013-05-21 23:25:26] request.ERROR: Uncaught PHP Exception Symfony\Component\HttpKernel\Exception\NotFoundHttpException: "No route found for "GET /js/jquery.json2.js"" at C:\xampp\htdocs\kendoctor-documentor-bundle\app\cache\prod\classes.php line 3609 [] []
[2013-05-21 23:25:41] request.ERROR: Uncaught PHP Exception Symfony\Component\HttpKernel\Exception\NotFoundHttpException: "No route found for "GET /js/jquery.json2.js"" at C:\xampp\htdocs\kendoctor-documentor-bundle\app\cache\prod\classes.php line 3609 [] []
[2013-05-21 23:25:44] request.ERROR: Uncaught PHP Exception Symfony\Component\HttpKernel\Exception\NotFoundHttpException: "No route found for "GET /js/jquery.json2.js"" at C:\xampp\htdocs\kendoctor-documentor-bundle\app\cache\prod\classes.php line 3609 [] []
[2013-05-21 23:25:45] request.ERROR: Uncaught PHP Exception Symfony\Component\HttpKernel\Exception\NotFoundHttpException: "No route found for "GET /js/jquery.json2.js"" at C:\xampp\htdocs\kendoctor-documentor-bundle\app\cache\prod\classes.php line 3609 [] []
[2013-05-21 23:25:47] request.ERROR: Uncaught PHP Exception Symfony\Component\HttpKernel\Exception\NotFoundHttpException: "No route found for "GET /js/jquery.json2.js"" at C:\xampp\htdocs\kendoctor-documentor-bundle\app\cache\prod\classes.php line 3609 [] []
[2013-05-21 23:25:48] request.ERROR: Uncaught PHP Exception Symfony\Component\HttpKernel\Exception\NotFoundHttpException: "No route found for "GET /js/jquery.json2.js"" at C:\xampp\htdocs\kendoctor-documentor-bundle\app\cache\prod\classes.php line 3609 [] []
[2013-05-21 23:25:49] request.ERROR: Uncaught PHP Exception Symfony\Component\HttpKernel\Exception\NotFoundHttpException: "No route found for "GET /js/jquery.json2.js"" at C:\xampp\htdocs\kendoctor-documentor-bundle\app\cache\prod\classes.php line 3609 [] []
[2013-05-21 23:25:54] request.ERROR: Uncaught PHP Exception Symfony\Component\HttpKernel\Exception\NotFoundHttpException: "No route found for "GET /js/jquery.json2.js"" at C:\xampp\htdocs\kendoctor-documentor-bundle\app\cache\prod\classes.php line 3609 [] []
[2013-05-21 23:26:45] request.ERROR: Uncaught PHP Exception Symfony\Component\HttpKernel\Exception\NotFoundHttpException: "No route found for "GET /js/jquery.json2.js"" at C:\xampp\htdocs\kendoctor-documentor-bundle\app\cache\prod\classes.php line 3609 [] []
[2013-05-21 23:26:54] request.ERROR: Uncaught PHP Exception Symfony\Component\HttpKernel\Exception\NotFoundHttpException: "No route found for "GET /js/jquery.json2.js"" at C:\xampp\htdocs\kendoctor-documentor-bundle\app\cache\prod\classes.php line 3609 [] []
[2013-05-21 23:26:55] request.ERROR: Uncaught PHP Exception Symfony\Component\HttpKernel\Exception\NotFoundHttpException: "No route found for "GET /js/jquery.json2.js"" at C:\xampp\htdocs\kendoctor-documentor-bundle\app\cache\prod\classes.php line 3609 [] []
[2013-05-21 23:30:12] request.ERROR: Uncaught PHP Exception Symfony\Component\HttpKernel\Exception\NotFoundHttpException: "No route found for "GET /js/jquery.json2.js"" at C:\xampp\htdocs\kendoctor-documentor-bundle\app\cache\prod\classes.php line 3609 [] []
[2013-05-21 23:30:24] request.ERROR: Uncaught PHP Exception Symfony\Component\HttpKernel\Exception\NotFoundHttpException: "No route found for "GET /js/jquery.json2.js"" at C:\xampp\htdocs\kendoctor-documentor-bundle\app\cache\prod\classes.php line 3609 [] []
[2013-05-21 23:30:40] request.ERROR: Uncaught PHP Exception Symfony\Component\HttpKernel\Exception\NotFoundHttpException: "No route found for "GET /js/jquery.json2.js"" at C:\xampp\htdocs\kendoctor-documentor-bundle\app\cache\prod\classes.php line 3609 [] []
[2013-05-21 23:40:33] request.ERROR: Uncaught PHP Exception Symfony\Component\HttpKernel\Exception\NotFoundHttpException: "No route found for "GET /js/jquery.json2.js"" at C:\xampp\htdocs\kendoctor-documentor-bundle\app\cache\prod\classes.php line 3609 [] []
[2013-05-21 23:41:06] request.ERROR: Uncaught PHP Exception Symfony\Component\HttpKernel\Exception\NotFoundHttpException: "No route found for "GET /js/jquery.json2.js"" at C:\xampp\htdocs\kendoctor-documentor-bundle\app\cache\prod\classes.php line 3609 [] []
[2013-05-21 23:41:15] request.ERROR: Uncaught PHP Exception Symfony\Component\HttpKernel\Exception\NotFoundHttpException: "No route found for "GET /js/jquery.json2.js"" at C:\xampp\htdocs\kendoctor-documentor-bundle\app\cache\prod\classes.php line 3609 [] []
[2013-05-21 23:42:40] request.ERROR: Uncaught PHP Exception Symfony\Component\HttpKernel\Exception\NotFoundHttpException: "No route found for "GET /js/jquery.json2.js"" at C:\xampp\htdocs\kendoctor-documentor-bundle\app\cache\prod\classes.php line 3609 [] []
[2013-05-21 23:42:59] request.ERROR: Uncaught PHP Exception Symfony\Component\HttpKernel\Exception\NotFoundHttpException: "No route found for "GET /js/jquery.json2.js"" at C:\xampp\htdocs\kendoctor-documentor-bundle\app\cache\prod\classes.php line 3609 [] []
[2013-05-21 23:43:25] request.ERROR: Uncaught PHP Exception Symfony\Component\HttpKernel\Exception\NotFoundHttpException: "No route found for "GET /js/jquery.json2.js"" at C:\xampp\htdocs\kendoctor-documentor-bundle\app\cache\prod\classes.php line 3609 [] []
[2013-05-21 23:44:43] request.ERROR: Uncaught PHP Exception Symfony\Component\HttpKernel\Exception\NotFoundHttpException: "No route found for "GET /js/jquery.json2.js"" at C:\xampp\htdocs\kendoctor-documentor-bundle\app\cache\prod\classes.php line 3609 [] []
[2013-05-21 23:46:51] request.ERROR: Uncaught PHP Exception Symfony\Component\HttpKernel\Exception\NotFoundHttpException: "No route found for "GET /js/jquery.json2.js"" at C:\xampp\htdocs\kendoctor-documentor-bundle\app\cache\prod\classes.php line 3609 [] []
[2013-05-21 23:48:31] request.ERROR: Uncaught PHP Exception Symfony\Component\HttpKernel\Exception\NotFoundHttpException: "No route found for "GET /js/jquery.json2.js"" at C:\xampp\htdocs\kendoctor-documentor-bundle\app\cache\prod\classes.php line 3609 [] []
[2013-05-21 23:50:14] request.ERROR: Uncaught PHP Exception Symfony\Component\HttpKernel\Exception\NotFoundHttpException: "No route found for "GET /js/jquery.json2.js"" at C:\xampp\htdocs\kendoctor-documentor-bundle\app\cache\prod\classes.php line 3609 [] []
[2013-05-21 23:50:47] request.ERROR: Uncaught PHP Exception Symfony\Component\HttpKernel\Exception\NotFoundHttpException: "No route found for "GET /js/jquery.json2.js"" at C:\xampp\htdocs\kendoctor-documentor-bundle\app\cache\prod\classes.php line 3609 [] []
[2013-05-21 23:50:48] request.ERROR: Uncaught PHP Exception Symfony\Component\HttpKernel\Exception\NotFoundHttpException: "No route found for "GET /js/jquery.json2.js"" at C:\xampp\htdocs\kendoctor-documentor-bundle\app\cache\prod\classes.php line 3609 [] []
[2013-05-21 23:50:52] request.ERROR: Uncaught PHP Exception Symfony\Component\HttpKernel\Exception\NotFoundHttpException: "No route found for "GET /js/jquery.json2.js"" at C:\xampp\htdocs\kendoctor-documentor-bundle\app\cache\prod\classes.php line 3609 [] []
[2013-05-21 23:51:28] request.ERROR: Uncaught PHP Exception Symfony\Component\HttpKernel\Exception\NotFoundHttpException: "No route found for "GET /js/jquery.json2.js"" at C:\xampp\htdocs\kendoctor-documentor-bundle\app\cache\prod\classes.php line 3609 [] []
[2013-05-21 23:51:37] request.ERROR: Uncaught PHP Exception Symfony\Component\HttpKernel\Exception\NotFoundHttpException: "No route found for "GET /js/jquery.json2.js"" at C:\xampp\htdocs\kendoctor-documentor-bundle\app\cache\prod\classes.php line 3609 [] []
[2013-05-21 23:51:40] request.ERROR: Uncaught PHP Exception Symfony\Component\HttpKernel\Exception\NotFoundHttpException: "No route found for "GET /js/jquery.json2.js"" at C:\xampp\htdocs\kendoctor-documentor-bundle\app\cache\prod\classes.php line 3609 [] []
[2013-05-21 23:52:03] request.ERROR: Uncaught PHP Exception Symfony\Component\HttpKernel\Exception\NotFoundHttpException: "No route found for "GET /js/jquery.json2.js"" at C:\xampp\htdocs\kendoctor-documentor-bundle\app\cache\prod\classes.php line 3609 [] []
[2013-05-21 23:53:20] request.ERROR: Uncaught PHP Exception Symfony\Component\HttpKernel\Exception\NotFoundHttpException: "No route found for "GET /js/jquery.json2.js"" at C:\xampp\htdocs\kendoctor-documentor-bundle\app\cache\prod\classes.php line 3609 [] []
[2013-05-21 23:53:45] request.ERROR: Uncaught PHP Exception Symfony\Component\HttpKernel\Exception\NotFoundHttpException: "No route found for "GET /js/jquery.json2.js"" at C:\xampp\htdocs\kendoctor-documentor-bundle\app\cache\prod\classes.php line 3609 [] []
[2013-05-21 23:53:49] request.ERROR: Uncaught PHP Exception Symfony\Component\HttpKernel\Exception\NotFoundHttpException: "No route found for "GET /js/jquery.json2.js"" at C:\xampp\htdocs\kendoctor-documentor-bundle\app\cache\prod\classes.php line 3609 [] []
[2013-05-21 23:53:55] request.ERROR: Uncaught PHP Exception Symfony\Component\HttpKernel\Exception\NotFoundHttpException: "No route found for "GET /js/jquery.json2.js"" at C:\xampp\htdocs\kendoctor-documentor-bundle\app\cache\prod\classes.php line 3609 [] []
[2013-05-21 23:53:58] request.ERROR: Uncaught PHP Exception Symfony\Component\HttpKernel\Exception\NotFoundHttpException: "No route found for "GET /js/jquery.json2.js"" at C:\xampp\htdocs\kendoctor-documentor-bundle\app\cache\prod\classes.php line 3609 [] []
[2013-05-21 23:54:15] request.ERROR: Uncaught PHP Exception Symfony\Component\HttpKernel\Exception\NotFoundHttpException: "No route found for "GET /js/jquery.json2.js"" at C:\xampp\htdocs\kendoctor-documentor-bundle\app\cache\prod\classes.php line 3609 [] []
[2013-05-21 23:54:17] request.ERROR: Uncaught PHP Exception Symfony\Component\HttpKernel\Exception\NotFoundHttpException: "No route found for "GET /js/jquery.json2.js"" at C:\xampp\htdocs\kendoctor-documentor-bundle\app\cache\prod\classes.php line 3609 [] []
[2013-05-21 23:54:18] request.ERROR: Uncaught PHP Exception Symfony\Component\HttpKernel\Exception\NotFoundHttpException: "No route found for "GET /js/jquery.json2.js"" at C:\xampp\htdocs\kendoctor-documentor-bundle\app\cache\prod\classes.php line 3609 [] []
[2013-05-21 23:54:26] request.ERROR: Uncaught PHP Exception Symfony\Component\HttpKernel\Exception\NotFoundHttpException: "No route found for "GET /js/jquery.json2.js"" at C:\xampp\htdocs\kendoctor-documentor-bundle\app\cache\prod\classes.php line 3609 [] []
[2013-05-21 23:54:27] request.ERROR: Uncaught PHP Exception Symfony\Component\HttpKernel\Exception\NotFoundHttpException: "No route found for "GET /js/jquery.json2.js"" at C:\xampp\htdocs\kendoctor-documentor-bundle\app\cache\prod\classes.php line 3609 [] []
[2013-05-21 23:54:30] request.ERROR: Uncaught PHP Exception Symfony\Component\HttpKernel\Exception\NotFoundHttpException: "No route found for "GET /js/jquery.json2.js"" at C:\xampp\htdocs\kendoctor-documentor-bundle\app\cache\prod\classes.php line 3609 [] []
[2013-05-21 23:54:44] request.ERROR: Uncaught PHP Exception Symfony\Component\HttpKernel\Exception\NotFoundHttpException: "No route found for "GET /js/jquery.json2.js"" at C:\xampp\htdocs\kendoctor-documentor-bundle\app\cache\prod\classes.php line 3609 [] []
[2013-05-21 23:54:54] request.ERROR: Uncaught PHP Exception Symfony\Component\HttpKernel\Exception\NotFoundHttpException: "No route found for "GET /js/jquery.json2.js"" at C:\xampp\htdocs\kendoctor-documentor-bundle\app\cache\prod\classes.php line 3609 [] []
[2013-05-21 23:54:57] request.ERROR: Uncaught PHP Exception Symfony\Component\HttpKernel\Exception\NotFoundHttpException: "No route found for "GET /js/jquery.json2.js"" at C:\xampp\htdocs\kendoctor-documentor-bundle\app\cache\prod\classes.php line 3609 [] []
[2013-05-21 23:55:02] request.ERROR: Uncaught PHP Exception Symfony\Component\HttpKernel\Exception\NotFoundHttpException: "No route found for "GET /js/jquery.json2.js"" at C:\xampp\htdocs\kendoctor-documentor-bundle\app\cache\prod\classes.php line 3609 [] []
[2013-05-21 23:55:11] request.ERROR: Uncaught PHP Exception Symfony\Component\HttpKernel\Exception\NotFoundHttpException: "No route found for "GET /js/jquery.json2.js"" at C:\xampp\htdocs\kendoctor-documentor-bundle\app\cache\prod\classes.php line 3609 [] []
[2013-05-21 23:55:13] request.ERROR: Uncaught PHP Exception Symfony\Component\HttpKernel\Exception\NotFoundHttpException: "No route found for "GET /js/jquery.json2.js"" at C:\xampp\htdocs\kendoctor-documentor-bundle\app\cache\prod\classes.php line 3609 [] []
[2013-05-22 00:08:56] request.ERROR: Uncaught PHP Exception Symfony\Component\HttpKernel\Exception\NotFoundHttpException: "No route found for "GET /js/jquery.json2.js"" at C:\xampp\htdocs\kendoctor-documentor-bundle\app\cache\prod\classes.php line 3609 [] []
[2013-05-22 00:08:58] request.ERROR: Uncaught PHP Exception Symfony\Component\HttpKernel\Exception\NotFoundHttpException: "No route found for "GET /js/jquery.json2.js"" at C:\xampp\htdocs\kendoctor-documentor-bundle\app\cache\prod\classes.php line 3609 [] []
[2013-05-22 00:10:18] request.ERROR: Uncaught PHP Exception Symfony\Component\HttpKernel\Exception\NotFoundHttpException: "No route found for "GET /js/jquery.json2.js"" at C:\xampp\htdocs\kendoctor-documentor-bundle\app\cache\prod\classes.php line 3609 [] []
[2013-05-22 02:01:51] request.ERROR: Uncaught PHP Exception Symfony\Component\HttpKernel\Exception\NotFoundHttpException: "No route found for "GET /js/jquery.json2.js"" at C:\xampp\htdocs\kendoctor-documentor-bundle\app\cache\prod\classes.php line 3609 [] []
[2013-05-22 02:01:54] request.ERROR: Uncaught PHP Exception Symfony\Component\HttpKernel\Exception\NotFoundHttpException: "No route found for "GET /js/jquery.json2.js"" at C:\xampp\htdocs\kendoctor-documentor-bundle\app\cache\prod\classes.php line 3609 [] []
[2013-05-22 02:52:50] request.ERROR: Uncaught PHP Exception Symfony\Component\HttpKernel\Exception\NotFoundHttpException: "No route found for "GET /js/jquery.json2.js"" at C:\xampp\htdocs\kendoctor-documentor-bundle\app\cache\prod\classes.php line 3609 [] []
[2013-05-22 03:05:23] request.ERROR: Uncaught PHP Exception Symfony\Component\HttpKernel\Exception\NotFoundHttpException: "No route found for "GET /js/jquery.json2.js"" at C:\xampp\htdocs\kendoctor-documentor-bundle\app\cache\prod\classes.php line 3609 [] []
[2013-05-22 03:05:36] request.ERROR: Uncaught PHP Exception Symfony\Component\HttpKernel\Exception\NotFoundHttpException: "No route found for "GET /js/jquery.json2.js"" at C:\xampp\htdocs\kendoctor-documentor-bundle\app\cache\prod\classes.php line 3609 [] []
[2013-05-22 03:05:58] request.ERROR: Uncaught PHP Exception Symfony\Component\HttpKernel\Exception\NotFoundHttpException: "No route found for "GET /js/jquery.json2.js"" at C:\xampp\htdocs\kendoctor-documentor-bundle\app\cache\prod\classes.php line 3609 [] []
[2013-05-22 03:06:09] request.ERROR: Uncaught PHP Exception Symfony\Component\HttpKernel\Exception\NotFoundHttpException: "No route found for "GET /js/jquery.json2.js"" at C:\xampp\htdocs\kendoctor-documentor-bundle\app\cache\prod\classes.php line 3609 [] []
[2013-05-22 03:06:42] request.ERROR: Uncaught PHP Exception Symfony\Component\HttpKernel\Exception\NotFoundHttpException: "No route found for "GET /js/jquery.json2.js"" at C:\xampp\htdocs\kendoctor-documentor-bundle\app\cache\prod\classes.php line 3609 [] []
[2013-05-22 03:07:12] request.ERROR: Uncaught PHP Exception Symfony\Component\HttpKernel\Exception\NotFoundHttpException: "No route found for "GET /js/jquery.json2.js"" at C:\xampp\htdocs\kendoctor-documentor-bundle\app\cache\prod\classes.php line 3609 [] []
[2013-05-22 03:07:25] request.ERROR: Uncaught PHP Exception Symfony\Component\HttpKernel\Exception\NotFoundHttpException: "No route found for "GET /js/jquery.json2.js"" at C:\xampp\htdocs\kendoctor-documentor-bundle\app\cache\prod\classes.php line 3609 [] []
[2013-05-22 03:07:30] request.ERROR: Uncaught PHP Exception Symfony\Component\HttpKernel\Exception\NotFoundHttpException: "No route found for "GET /js/jquery.json2.js"" at C:\xampp\htdocs\kendoctor-documentor-bundle\app\cache\prod\classes.php line 3609 [] []
[2013-05-22 03:38:44] request.ERROR: Uncaught PHP Exception Symfony\Component\HttpKernel\Exception\NotFoundHttpException: "No route found for "GET /js/jquery.json2.js"" at C:\xampp\htdocs\kendoctor-documentor-bundle\app\cache\prod\classes.php line 3609 [] []
[2013-05-22 03:39:02] request.ERROR: Uncaught PHP Exception Symfony\Component\HttpKernel\Exception\NotFoundHttpException: "No route found for "GET /js/jquery.json2.js"" at C:\xampp\htdocs\kendoctor-documentor-bundle\app\cache\prod\classes.php line 3609 [] []
[2013-05-22 03:39:32] request.ERROR: Uncaught PHP Exception Symfony\Component\HttpKernel\Exception\NotFoundHttpException: "No route found for "GET /js/jquery.json2.js"" at C:\xampp\htdocs\kendoctor-documentor-bundle\app\cache\prod\classes.php line 3609 [] []
[2013-05-22 03:39:34] request.ERROR: Uncaught PHP Exception Symfony\Component\HttpKernel\Exception\NotFoundHttpException: "No route found for "GET /js/jquery.json2.js"" at C:\xampp\htdocs\kendoctor-documentor-bundle\app\cache\prod\classes.php line 3609 [] []
[2013-05-22 03:39:37] request.ERROR: Uncaught PHP Exception Symfony\Component\HttpKernel\Exception\NotFoundHttpException: "No route found for "GET /js/jquery.json2.js"" at C:\xampp\htdocs\kendoctor-documentor-bundle\app\cache\prod\classes.php line 3609 [] []
[2013-05-22 03:39:41] request.ERROR: Uncaught PHP Exception Symfony\Component\HttpKernel\Exception\NotFoundHttpException: "No route found for "GET /js/jquery.json2.js"" at C:\xampp\htdocs\kendoctor-documentor-bundle\app\cache\prod\classes.php line 3609 [] []
[2013-05-22 03:39:57] request.ERROR: Uncaught PHP Exception Symfony\Component\HttpKernel\Exception\NotFoundHttpException: "No route found for "GET /js/jquery.json2.js"" at C:\xampp\htdocs\kendoctor-documentor-bundle\app\cache\prod\classes.php line 3609 [] []
[2013-05-22 10:05:57] request.ERROR: Uncaught PHP Exception Symfony\Component\HttpKernel\Exception\NotFoundHttpException: "No route found for "GET /js/jquery.json2.js"" at C:\xampp\htdocs\kendoctor-documentor-bundle\app\cache\prod\classes.php line 3609 [] []
[2013-05-22 10:06:03] request.ERROR: Uncaught PHP Exception Symfony\Component\HttpKernel\Exception\NotFoundHttpException: "No route found for "GET /js/jquery.json2.js"" at C:\xampp\htdocs\kendoctor-documentor-bundle\app\cache\prod\classes.php line 3609 [] []
[2013-05-22 10:06:09] request.ERROR: Uncaught PHP Exception Symfony\Component\HttpKernel\Exception\NotFoundHttpException: "No route found for "GET /js/jquery.json2.js"" at C:\xampp\htdocs\kendoctor-documentor-bundle\app\cache\prod\classes.php line 3609 [] []
[2013-05-22 10:06:20] request.ERROR: Uncaught PHP Exception Symfony\Component\HttpKernel\Exception\NotFoundHttpException: "No route found for "GET /js/jquery.json2.js"" at C:\xampp\htdocs\kendoctor-documentor-bundle\app\cache\prod\classes.php line 3609 [] []
[2013-05-22 10:06:22] request.ERROR: Uncaught PHP Exception Symfony\Component\HttpKernel\Exception\NotFoundHttpException: "No route found for "GET /js/jquery.json2.js"" at C:\xampp\htdocs\kendoctor-documentor-bundle\app\cache\prod\classes.php line 3609 [] []
[2013-05-22 10:06:32] request.ERROR: Uncaught PHP Exception Symfony\Component\HttpKernel\Exception\NotFoundHttpException: "No route found for "GET /js/jquery.json2.js"" at C:\xampp\htdocs\kendoctor-documentor-bundle\app\cache\prod\classes.php line 3609 [] []
[2013-05-22 12:22:45] request.ERROR: Uncaught PHP Exception Symfony\Component\HttpKernel\Exception\NotFoundHttpException: "No route found for "GET /js/jquery.json2.js"" at C:\xampp\htdocs\kendoctor-documentor-bundle\app\cache\prod\classes.php line 3609 [] []
[2013-05-22 12:23:04] request.ERROR: Uncaught PHP Exception Symfony\Component\HttpKernel\Exception\NotFoundHttpException: "No route found for "GET /js/jquery.json2.js"" at C:\xampp\htdocs\kendoctor-documentor-bundle\app\cache\prod\classes.php line 3609 [] []
[2013-05-22 12:29:11] request.ERROR: Uncaught PHP Exception Symfony\Component\HttpKernel\Exception\NotFoundHttpException: "No route found for "GET /js/jquery.json2.js"" at C:\xampp\htdocs\kendoctor-documentor-bundle\app\cache\prod\classes.php line 3609 [] []
[2013-05-22 12:46:16] request.ERROR: Uncaught PHP Exception Symfony\Component\HttpKernel\Exception\NotFoundHttpException: "No route found for "GET /js/jquery.json2.js"" at C:\xampp\htdocs\kendoctor-documentor-bundle\app\cache\prod\classes.php line 3609 [] []
[2013-05-22 12:46:29] request.ERROR: Uncaught PHP Exception Symfony\Component\HttpKernel\Exception\NotFoundHttpException: "No route found for "GET /js/jquery.json2.js"" at C:\xampp\htdocs\kendoctor-documentor-bundle\app\cache\prod\classes.php line 3609 [] []
[2013-05-22 12:46:31] request.ERROR: Uncaught PHP Exception Symfony\Component\HttpKernel\Exception\NotFoundHttpException: "No route found for "GET /js/jquery.json2.js"" at C:\xampp\htdocs\kendoctor-documentor-bundle\app\cache\prod\classes.php line 3609 [] []
[2013-05-22 12:46:42] request.ERROR: Uncaught PHP Exception Symfony\Component\HttpKernel\Exception\NotFoundHttpException: "No route found for "GET /js/jquery.json2.js"" at C:\xampp\htdocs\kendoctor-documentor-bundle\app\cache\prod\classes.php line 3609 [] []
[2013-05-22 12:46:46] request.ERROR: Uncaught PHP Exception Symfony\Component\HttpKernel\Exception\NotFoundHttpException: "No route found for "GET /js/jquery.json2.js"" at C:\xampp\htdocs\kendoctor-documentor-bundle\app\cache\prod\classes.php line 3609 [] []
[2013-05-22 12:46:50] request.ERROR: Uncaught PHP Exception Symfony\Component\HttpKernel\Exception\NotFoundHttpException: "No route found for "GET /js/jquery.json2.js"" at C:\xampp\htdocs\kendoctor-documentor-bundle\app\cache\prod\classes.php line 3609 [] []
[2013-05-22 12:48:19] request.ERROR: Uncaught PHP Exception Symfony\Component\HttpKernel\Exception\NotFoundHttpException: "No route found for "GET /js/jquery.json2.js"" at C:\xampp\htdocs\kendoctor-documentor-bundle\app\cache\prod\classes.php line 3609 [] []
[2013-05-22 12:48:21] request.ERROR: Uncaught PHP Exception Symfony\Component\HttpKernel\Exception\NotFoundHttpException: "No route found for "GET /js/jquery.json2.js"" at C:\xampp\htdocs\kendoctor-documentor-bundle\app\cache\prod\classes.php line 3609 [] []
[2013-05-22 12:48:32] request.ERROR: Uncaught PHP Exception Symfony\Component\HttpKernel\Exception\NotFoundHttpException: "No route found for "GET /js/jquery.json2.js"" at C:\xampp\htdocs\kendoctor-documentor-bundle\app\cache\prod\classes.php line 3609 [] []
[2013-05-22 12:48:43] request.ERROR: Uncaught PHP Exception Symfony\Component\HttpKernel\Exception\NotFoundHttpException: "No route found for "GET /js/jquery.json2.js"" at C:\xampp\htdocs\kendoctor-documentor-bundle\app\cache\prod\classes.php line 3609 [] []
[2013-05-22 12:48:44] request.ERROR: Uncaught PHP Exception Symfony\Component\HttpKernel\Exception\NotFoundHttpException: "No route found for "GET /js/jquery.json2.js"" at C:\xampp\htdocs\kendoctor-documentor-bundle\app\cache\prod\classes.php line 3609 [] []
[2013-05-22 12:52:41] request.ERROR: Uncaught PHP Exception Symfony\Component\HttpKernel\Exception\NotFoundHttpException: "No route found for "GET /js/jquery.json2.js"" at C:\xampp\htdocs\kendoctor-documentor-bundle\app\cache\prod\classes.php line 3609 [] []
[2013-05-22 12:52:48] request.ERROR: Uncaught PHP Exception Symfony\Component\HttpKernel\Exception\NotFoundHttpException: "No route found for "GET /js/jquery.json2.js"" at C:\xampp\htdocs\kendoctor-documentor-bundle\app\cache\prod\classes.php line 3609 [] []
[2013-05-22 12:54:42] request.ERROR: Uncaught PHP Exception Symfony\Component\HttpKernel\Exception\NotFoundHttpException: "No route found for "GET /js/jquery.json2.js"" at C:\xampp\htdocs\kendoctor-documentor-bundle\app\cache\prod\classes.php line 3609 [] []
[2013-05-22 12:55:28] request.ERROR: Uncaught PHP Exception Symfony\Component\HttpKernel\Exception\NotFoundHttpException: "No route found for "GET /js/jquery.json2.js"" at C:\xampp\htdocs\kendoctor-documentor-bundle\app\cache\prod\classes.php line 3609 [] []
[2013-05-22 12:56:01] request.ERROR: Uncaught PHP Exception Symfony\Component\HttpKernel\Exception\NotFoundHttpException: "No route found for "GET /js/jquery.json2.js"" at C:\xampp\htdocs\kendoctor-documentor-bundle\app\cache\prod\classes.php line 3609 [] []
[2013-05-22 12:59:53] request.ERROR: Uncaught PHP Exception Symfony\Component\HttpKernel\Exception\NotFoundHttpException: "No route found for "GET /js/jquery.json2.js"" at C:\xampp\htdocs\kendoctor-documentor-bundle\app\cache\prod\classes.php line 3609 [] []
[2013-05-22 13:00:14] request.ERROR: Uncaught PHP Exception Symfony\Component\HttpKernel\Exception\NotFoundHttpException: "No route found for "GET /js/jquery.json2.js"" at C:\xampp\htdocs\kendoctor-documentor-bundle\app\cache\prod\classes.php line 3609 [] []
[2013-05-22 13:01:56] request.ERROR: Uncaught PHP Exception Symfony\Component\HttpKernel\Exception\NotFoundHttpException: "No route found for "GET /js/jquery.json2.js"" at C:\xampp\htdocs\kendoctor-documentor-bundle\app\cache\prod\classes.php line 3609 [] []
[2013-05-22 13:04:15] request.ERROR: Uncaught PHP Exception Symfony\Component\HttpKernel\Exception\NotFoundHttpException: "No route found for "GET /js/jquery.json2.js"" at C:\xampp\htdocs\kendoctor-documentor-bundle\app\cache\prod\classes.php line 3609 [] []
[2013-05-22 13:04:31] request.ERROR: Uncaught PHP Exception Symfony\Component\HttpKernel\Exception\NotFoundHttpException: "No route found for "GET /js/jquery.json2.js"" at C:\xampp\htdocs\kendoctor-documentor-bundle\app\cache\prod\classes.php line 3609 [] []
[2013-05-22 13:04:55] request.ERROR: Uncaught PHP Exception Symfony\Component\HttpKernel\Exception\NotFoundHttpException: "No route found for "GET /js/jquery.json2.js"" at C:\xampp\htdocs\kendoctor-documentor-bundle\app\cache\prod\classes.php line 3609 [] []
[2013-05-22 13:05:13] request.ERROR: Uncaught PHP Exception Symfony\Component\HttpKernel\Exception\NotFoundHttpException: "No route found for "GET /js/jquery.json2.js"" at C:\xampp\htdocs\kendoctor-documentor-bundle\app\cache\prod\classes.php line 3609 [] []
[2013-05-22 13:06:00] request.ERROR: Uncaught PHP Exception Symfony\Component\HttpKernel\Exception\NotFoundHttpException: "No route found for "GET /js/jquery.json2.js"" at C:\xampp\htdocs\kendoctor-documentor-bundle\app\cache\prod\classes.php line 3609 [] []
[2013-05-22 13:06:07] request.ERROR: Uncaught PHP Exception Symfony\Component\HttpKernel\Exception\NotFoundHttpException: "No route found for "GET /js/jquery.json2.js"" at C:\xampp\htdocs\kendoctor-documentor-bundle\app\cache\prod\classes.php line 3609 [] []
[2013-05-22 13:06:13] request.ERROR: Uncaught PHP Exception Symfony\Component\HttpKernel\Exception\NotFoundHttpException: "No route found for "GET /js/jquery.json2.js"" at C:\xampp\htdocs\kendoctor-documentor-bundle\app\cache\prod\classes.php line 3609 [] []
[2013-05-22 13:06:21] request.ERROR: Uncaught PHP Exception Symfony\Component\HttpKernel\Exception\NotFoundHttpException: "No route found for "GET /js/jquery.json2.js"" at C:\xampp\htdocs\kendoctor-documentor-bundle\app\cache\prod\classes.php line 3609 [] []
[2013-05-22 13:06:24] request.ERROR: Uncaught PHP Exception Symfony\Component\HttpKernel\Exception\NotFoundHttpException: "No route found for "GET /js/jquery.json2.js"" at C:\xampp\htdocs\kendoctor-documentor-bundle\app\cache\prod\classes.php line 3609 [] []
[2013-05-22 13:06:34] request.ERROR: Uncaught PHP Exception Symfony\Component\HttpKernel\Exception\NotFoundHttpException: "No route found for "GET /js/jquery.json2.js"" at C:\xampp\htdocs\kendoctor-documentor-bundle\app\cache\prod\classes.php line 3609 [] []
[2013-05-22 13:06:45] request.ERROR: Uncaught PHP Exception Symfony\Component\HttpKernel\Exception\NotFoundHttpException: "No route found for "GET /js/jquery.json2.js"" at C:\xampp\htdocs\kendoctor-documentor-bundle\app\cache\prod\classes.php line 3609 [] []
[2013-05-22 13:08:30] request.ERROR: Uncaught PHP Exception Symfony\Component\HttpKernel\Exception\NotFoundHttpException: "No route found for "GET /js/jquery.json2.js"" at C:\xampp\htdocs\kendoctor-documentor-bundle\app\cache\prod\classes.php line 3609 [] []
[2013-05-22 13:09:19] request.ERROR: Uncaught PHP Exception Symfony\Component\HttpKernel\Exception\NotFoundHttpException: "No route found for "GET /js/jquery.json2.js"" at C:\xampp\htdocs\kendoctor-documentor-bundle\app\cache\prod\classes.php line 3609 [] []
[2013-05-22 13:09:43] request.ERROR: Uncaught PHP Exception Symfony\Component\HttpKernel\Exception\NotFoundHttpException: "No route found for "GET /js/jquery.json2.js"" at C:\xampp\htdocs\kendoctor-documentor-bundle\app\cache\prod\classes.php line 3609 [] []
[2013-05-22 13:09:48] request.ERROR: Uncaught PHP Exception Symfony\Component\HttpKernel\Exception\NotFoundHttpException: "No route found for "GET /js/jquery.json2.js"" at C:\xampp\htdocs\kendoctor-documentor-bundle\app\cache\prod\classes.php line 3609 [] []
[2013-05-22 13:11:11] request.ERROR: Uncaught PHP Exception Symfony\Component\HttpKernel\Exception\NotFoundHttpException: "No route found for "GET /js/jquery.json2.js"" at C:\xampp\htdocs\kendoctor-documentor-bundle\app\cache\prod\classes.php line 3609 [] []
[2013-05-22 13:11:13] request.ERROR: Uncaught PHP Exception Symfony\Component\HttpKernel\Exception\NotFoundHttpException: "No route found for "GET /js/jquery.json2.js"" at C:\xampp\htdocs\kendoctor-documentor-bundle\app\cache\prod\classes.php line 3609 [] []
[2013-05-22 13:11:38] request.ERROR: Uncaught PHP Exception Symfony\Component\HttpKernel\Exception\NotFoundHttpException: "No route found for "GET /js/jquery.json2.js"" at C:\xampp\htdocs\kendoctor-documentor-bundle\app\cache\prod\classes.php line 3609 [] []
[2013-05-22 13:12:15] request.ERROR: Uncaught PHP Exception Symfony\Component\HttpKernel\Exception\NotFoundHttpException: "No route found for "GET /js/jquery.json2.js"" at C:\xampp\htdocs\kendoctor-documentor-bundle\app\cache\prod\classes.php line 3609 [] []
[2013-05-22 13:12:34] request.ERROR: Uncaught PHP Exception Symfony\Component\HttpKernel\Exception\NotFoundHttpException: "No route found for "GET /js/jquery.json2.js"" at C:\xampp\htdocs\kendoctor-documentor-bundle\app\cache\prod\classes.php line 3609 [] []
[2013-05-22 13:13:08] request.ERROR: Uncaught PHP Exception Symfony\Component\HttpKernel\Exception\NotFoundHttpException: "No route found for "GET /js/jquery.json2.js"" at C:\xampp\htdocs\kendoctor-documentor-bundle\app\cache\prod\classes.php line 3609 [] []
[2013-05-22 13:14:33] request.ERROR: Uncaught PHP Exception Symfony\Component\HttpKernel\Exception\NotFoundHttpException: "No route found for "GET /js/jquery.json2.js"" at C:\xampp\htdocs\kendoctor-documentor-bundle\app\cache\prod\classes.php line 3609 [] []
[2013-05-22 13:14:42] request.ERROR: Uncaught PHP Exception Symfony\Component\HttpKernel\Exception\NotFoundHttpException: "No route found for "GET /js/jquery.json2.js"" at C:\xampp\htdocs\kendoctor-documentor-bundle\app\cache\prod\classes.php line 3609 [] []
[2013-05-22 13:17:15] request.ERROR: Uncaught PHP Exception Symfony\Component\HttpKernel\Exception\NotFoundHttpException: "No route found for "GET /js/jquery.json2.js"" at C:\xampp\htdocs\kendoctor-documentor-bundle\app\cache\prod\classes.php line 3609 [] []
[2013-05-22 13:17:24] request.ERROR: Uncaught PHP Exception Symfony\Component\HttpKernel\Exception\NotFoundHttpException: "No route found for "GET /js/jquery.json2.js"" at C:\xampp\htdocs\kendoctor-documentor-bundle\app\cache\prod\classes.php line 3609 [] []
[2013-05-22 13:17:29] request.ERROR: Uncaught PHP Exception Symfony\Component\HttpKernel\Exception\NotFoundHttpException: "No route found for "GET /js/jquery.json2.js"" at C:\xampp\htdocs\kendoctor-documentor-bundle\app\cache\prod\classes.php line 3609 [] []
[2013-05-22 13:17:33] request.ERROR: Uncaught PHP Exception Symfony\Component\HttpKernel\Exception\NotFoundHttpException: "No route found for "GET /js/jquery.json2.js"" at C:\xampp\htdocs\kendoctor-documentor-bundle\app\cache\prod\classes.php line 3609 [] []
[2013-05-22 13:17:36] request.ERROR: Uncaught PHP Exception Symfony\Component\HttpKernel\Exception\NotFoundHttpException: "No route found for "GET /js/jquery.json2.js"" at C:\xampp\htdocs\kendoctor-documentor-bundle\app\cache\prod\classes.php line 3609 [] []
[2013-05-22 13:19:50] request.ERROR: Uncaught PHP Exception Symfony\Component\HttpKernel\Exception\NotFoundHttpException: "No route found for "GET /js/jquery.json2.js"" at C:\xampp\htdocs\kendoctor-documentor-bundle\app\cache\prod\classes.php line 3609 [] []
[2013-05-22 13:19:55] request.ERROR: Uncaught PHP Exception Symfony\Component\HttpKernel\Exception\NotFoundHttpException: "No route found for "GET /js/jquery.json2.js"" at C:\xampp\htdocs\kendoctor-documentor-bundle\app\cache\prod\classes.php line 3609 [] []
[2013-05-22 13:19:56] request.ERROR: Uncaught PHP Exception Symfony\Component\HttpKernel\Exception\NotFoundHttpException: "No route found for "GET /js/jquery.json2.js"" at C:\xampp\htdocs\kendoctor-documentor-bundle\app\cache\prod\classes.php line 3609 [] []
[2013-05-22 13:19:59] request.ERROR: Uncaught PHP Exception Symfony\Component\HttpKernel\Exception\NotFoundHttpException: "No route found for "GET /js/jquery.json2.js"" at C:\xampp\htdocs\kendoctor-documentor-bundle\app\cache\prod\classes.php line 3609 [] []
[2013-05-22 13:20:04] request.ERROR: Uncaught PHP Exception Symfony\Component\HttpKernel\Exception\NotFoundHttpException: "No route found for "GET /js/jquery.json2.js"" at C:\xampp\htdocs\kendoctor-documentor-bundle\app\cache\prod\classes.php line 3609 [] []
[2013-05-22 13:20:18] request.ERROR: Uncaught PHP Exception Symfony\Component\HttpKernel\Exception\NotFoundHttpException: "No route found for "GET /js/jquery.json2.js"" at C:\xampp\htdocs\kendoctor-documentor-bundle\app\cache\prod\classes.php line 3609 [] []
[2013-05-22 13:20:21] request.ERROR: Uncaught PHP Exception Symfony\Component\HttpKernel\Exception\NotFoundHttpException: "No route found for "GET /js/jquery.json2.js"" at C:\xampp\htdocs\kendoctor-documentor-bundle\app\cache\prod\classes.php line 3609 [] []
[2013-05-22 13:20:24] request.ERROR: Uncaught PHP Exception Symfony\Component\HttpKernel\Exception\NotFoundHttpException: "No route found for "GET /js/jquery.json2.js"" at C:\xampp\htdocs\kendoctor-documentor-bundle\app\cache\prod\classes.php line 3609 [] []
[2013-05-22 13:20:29] request.ERROR: Uncaught PHP Exception Symfony\Component\HttpKernel\Exception\NotFoundHttpException: "No route found for "GET /js/jquery.json2.js"" at C:\xampp\htdocs\kendoctor-documentor-bundle\app\cache\prod\classes.php line 3609 [] []
[2013-05-22 13:20:31] request.ERROR: Uncaught PHP Exception Symfony\Component\HttpKernel\Exception\NotFoundHttpException: "No route found for "GET /js/jquery.json2.js"" at C:\xampp\htdocs\kendoctor-documentor-bundle\app\cache\prod\classes.php line 3609 [] []
[2013-05-22 13:20:48] request.ERROR: Uncaught PHP Exception Symfony\Component\HttpKernel\Exception\NotFoundHttpException: "No route found for "GET /js/jquery.json2.js"" at C:\xampp\htdocs\kendoctor-documentor-bundle\app\cache\prod\classes.php line 3609 [] []
[2013-05-22 13:20:53] request.ERROR: Uncaught PHP Exception Symfony\Component\HttpKernel\Exception\NotFoundHttpException: "No route found for "GET /js/jquery.json2.js"" at C:\xampp\htdocs\kendoctor-documentor-bundle\app\cache\prod\classes.php line 3609 [] []
[2013-05-22 13:20:56] request.ERROR: Uncaught PHP Exception Symfony\Component\HttpKernel\Exception\NotFoundHttpException: "No route found for "GET /js/jquery.json2.js"" at C:\xampp\htdocs\kendoctor-documentor-bundle\app\cache\prod\classes.php line 3609 [] []
[2013-05-22 13:20:59] request.ERROR: Uncaught PHP Exception Symfony\Component\HttpKernel\Exception\NotFoundHttpException: "No route found for "GET /js/jquery.json2.js"" at C:\xampp\htdocs\kendoctor-documentor-bundle\app\cache\prod\classes.php line 3609 [] []
[2013-05-22 15:29:12] request.ERROR: Uncaught PHP Exception Symfony\Component\HttpKernel\Exception\NotFoundHttpException: "No route found for "GET /js/jquery.json2.js"" at C:\xampp\htdocs\kendoctor-documentor-bundle\app\cache\prod\classes.php line 3609 [] []
[2013-05-22 15:29:15] request.ERROR: Uncaught PHP Exception Symfony\Component\HttpKernel\Exception\NotFoundHttpException: "No route found for "GET /js/jquery.json2.js"" at C:\xampp\htdocs\kendoctor-documentor-bundle\app\cache\prod\classes.php line 3609 [] []
[2013-05-22 15:29:20] request.ERROR: Uncaught PHP Exception Symfony\Component\HttpKernel\Exception\NotFoundHttpException: "No route found for "GET /js/jquery.json2.js"" at C:\xampp\htdocs\kendoctor-documentor-bundle\app\cache\prod\classes.php line 3609 [] []
[2013-05-22 15:29:22] request.ERROR: Uncaught PHP Exception Symfony\Component\HttpKernel\Exception\NotFoundHttpException: "No route found for "GET /js/jquery.json2.js"" at C:\xampp\htdocs\kendoctor-documentor-bundle\app\cache\prod\classes.php line 3609 [] []
[2013-05-22 15:29:23] request.ERROR: Uncaught PHP Exception Symfony\Component\HttpKernel\Exception\NotFoundHttpException: "No route found for "GET /js/jquery.json2.js"" at C:\xampp\htdocs\kendoctor-documentor-bundle\app\cache\prod\classes.php line 3609 [] []
[2013-05-22 15:29:25] request.ERROR: Uncaught PHP Exception Symfony\Component\HttpKernel\Exception\NotFoundHttpException: "No route found for "GET /js/jquery.json2.js"" at C:\xampp\htdocs\kendoctor-documentor-bundle\app\cache\prod\classes.php line 3609 [] []
[2013-05-22 15:29:26] request.ERROR: Uncaught PHP Exception Symfony\Component\HttpKernel\Exception\NotFoundHttpException: "No route found for "GET /js/jquery.json2.js"" at C:\xampp\htdocs\kendoctor-documentor-bundle\app\cache\prod\classes.php line 3609 [] []
[2013-05-22 15:29:27] request.ERROR: Uncaught PHP Exception Symfony\Component\HttpKernel\Exception\NotFoundHttpException: "No route found for "GET /js/jquery.json2.js"" at C:\xampp\htdocs\kendoctor-documentor-bundle\app\cache\prod\classes.php line 3609 [] []
[2013-05-22 15:29:29] request.ERROR: Uncaught PHP Exception Symfony\Component\HttpKernel\Exception\NotFoundHttpException: "No route found for "GET /js/jquery.json2.js"" at C:\xampp\htdocs\kendoctor-documentor-bundle\app\cache\prod\classes.php line 3609 [] []
[2013-05-22 15:29:30] request.ERROR: Uncaught PHP Exception Symfony\Component\HttpKernel\Exception\NotFoundHttpException: "No route found for "GET /js/jquery.json2.js"" at C:\xampp\htdocs\kendoctor-documentor-bundle\app\cache\prod\classes.php line 3609 [] []
[2013-05-22 15:29:31] request.ERROR: Uncaught PHP Exception Symfony\Component\HttpKernel\Exception\NotFoundHttpException: "No route found for "GET /js/jquery.json2.js"" at C:\xampp\htdocs\kendoctor-documentor-bundle\app\cache\prod\classes.php line 3609 [] []
[2013-05-22 15:34:47] request.ERROR: Uncaught PHP Exception Symfony\Component\HttpKernel\Exception\NotFoundHttpException: "No route found for "GET /js/jquery.json2.js"" at C:\xampp\htdocs\kendoctor-documentor-bundle\app\cache\prod\classes.php line 3609 [] []
[2013-05-22 15:34:49] request.ERROR: Uncaught PHP Exception Symfony\Component\HttpKernel\Exception\NotFoundHttpException: "No route found for "GET /js/jquery.json2.js"" at C:\xampp\htdocs\kendoctor-documentor-bundle\app\cache\prod\classes.php line 3609 [] []
